<?xml version="1.0" encoding="UTF-8"?>
<!-- Generated by org.testng.reporters.JUnitReportReporter -->
<testsuite hostname="Nageswararao" failures="0" tests="1" name="ABC_Data_Hai.TC01_Add_Skills" time="11.543" errors="0" timestamp="2022-12-21T11:00:59 IST" skipped="0">
  <testcase classname="ABC_Data_Hai.TC01_Add_Skills" name="SkilsTest" time="11.543"/>
  <system-out/>
</testsuite> <!-- ABC_Data_Hai.TC01_Add_Skills -->
