<?xml version="1.0" encoding="UTF-8"?>
<!-- Generated by org.testng.reporters.JUnitReportReporter -->
<testsuite hostname="Nageswararao" failures="0" tests="1" name="day01.TC01Addskills" time="10.023" errors="0" timestamp="2022-12-21T12:30:06 IST" skipped="0">
  <testcase classname="day01.TC01Addskills" name="f" time="10.023"/>
  <system-out/>
</testsuite> <!-- day01.TC01Addskills -->
