<?xml version="1.0" encoding="UTF-8"?>
<!-- Generated by org.testng.reporters.JUnitReportReporter -->
<testsuite hostname="Nageswararao" failures="0" tests="1" name="ABC_Data_Hai.TC01_Add_Nationality" time="10.222" errors="0" timestamp="2022-12-21T11:17:50 IST" skipped="0">
  <testcase classname="ABC_Data_Hai.TC01_Add_Nationality" name="NationalityTest" time="10.222"/>
  <system-out/>
</testsuite> <!-- ABC_Data_Hai.TC01_Add_Nationality -->
